<?xml version="1.0" encoding="UTF-8"?>
<testsuite name="org.mines.examples.ApiClientTest" tests="1" skipped="1" failures="0" errors="0" timestamp="2024-04-17T08:03:08" hostname="JAGAA" time="0.0">
  <properties/>
  <testcase name="shouldCallApiClient()" classname="org.mines.examples.ApiClientTest" time="0.0">
    <skipped/>
  </testcase>
  <system-out><![CDATA[]]></system-out>
  <system-err><![CDATA[]]></system-err>
</testsuite>
