<?xml version="1.0" encoding="UTF-8"?>
<testsuite name="org.mines.examples.OptionalExample" tests="2" skipped="0" failures="0" errors="0" timestamp="2024-04-11T14:03:10" hostname="JAGAA" time="0.011">
  <properties/>
  <testcase name="shouldNotThrowNullPointerException()" classname="org.mines.examples.OptionalExample" time="0.005"/>
  <testcase name="shouldThrowNullPointerException()" classname="org.mines.examples.OptionalExample" time="0.004"/>
  <system-out><![CDATA[]]></system-out>
  <system-err><![CDATA[]]></system-err>
</testsuite>
