<?xml version="1.0" encoding="UTF-8"?>
<testsuite name="org.mines.examples.patterns.TemplateTest" tests="1" skipped="0" failures="0" errors="0" timestamp="2024-04-17T08:03:08" hostname="JAGAA" time="0.001">
  <properties/>
  <testcase name="shouldTemplateMethod()" classname="org.mines.examples.patterns.TemplateTest" time="0.001"/>
  <system-out><![CDATA[]]></system-out>
  <system-err><![CDATA[]]></system-err>
</testsuite>
