<?xml version="1.0" encoding="UTF-8"?>
<testsuite name="org.mines.examples.patterns.StrategyPattern" tests="1" skipped="0" failures="0" errors="0" timestamp="2024-04-17T08:03:08" hostname="JAGAA" time="0.003">
  <properties/>
  <testcase name="shouldDoStrategy()" classname="org.mines.examples.patterns.StrategyPattern" time="0.003"/>
  <system-out><![CDATA[]]></system-out>
  <system-err><![CDATA[]]></system-err>
</testsuite>
