<?xml version="1.0" encoding="UTF-8"?>
<testsuite name="org.mines.examples.patterns.FactoryTest" tests="1" skipped="0" failures="0" errors="0" timestamp="2024-04-11T14:03:10" hostname="JAGAA" time="0.005">
  <properties/>
  <testcase name="shouldReturnColors()" classname="org.mines.examples.patterns.FactoryTest" time="0.005"/>
  <system-out><![CDATA[]]></system-out>
  <system-err><![CDATA[]]></system-err>
</testsuite>
