<?xml version="1.0" encoding="UTF-8"?>
<testsuite name="org.mines.address.domain.service.TownServiceTest" tests="4" skipped="0" failures="0" errors="0" timestamp="2024-04-11T14:03:34" hostname="JAGAA" time="0.205">
  <properties/>
  <testcase name="shouldSaveATown()" classname="org.mines.address.domain.service.TownServiceTest" time="0.128"/>
  <testcase name="shouldRemoveATown()" classname="org.mines.address.domain.service.TownServiceTest" time="0.048"/>
  <testcase name="shouldNotSaveAnExistingTown()" classname="org.mines.address.domain.service.TownServiceTest" time="0.01"/>
  <testcase name="shouldNotSaveTownWithEmptyName()" classname="org.mines.address.domain.service.TownServiceTest" time="0.009"/>
  <system-out><![CDATA[]]></system-out>
  <system-err><![CDATA[]]></system-err>
</testsuite>
