<?xml version="1.0" encoding="UTF-8"?>
<testsuite name="org.mines.address.web.TownControllerTest" tests="2" skipped="0" failures="0" errors="0" timestamp="2024-04-11T14:04:00" hostname="JAGAA" time="1.103">
  <properties/>
  <testcase name="shouldNotGetInstanceData()" classname="org.mines.address.web.TownControllerTest" time="0.774"/>
  <testcase name="shouldGetATown()" classname="org.mines.address.web.TownControllerTest" time="0.322"/>
  <system-out><![CDATA[
  .   ____          _            __ _ _
 /\\ / ___'_ __ _ _(_)_ __  __ _ \ \ \ \
( ( )\___ | '_ | '_| | '_ \/ _` | \ \ \ \
 \\/  ___)| |_)| | | | | || (_| |  ) ) ) )
  '  |____| .__|_| |_|_| |_\__, | / / / /
 =========|_|==============|___/=/_/_/_/
 :: Spring Boot ::                (v3.2.4)

2024-04-11T16:03:54.464+02:00  INFO 9364 --- [    Test worker] o.mines.address.web.TownControllerTest   : Starting TownControllerTest using Java 21.0.2 with PID 9364 (started by jagaa in C:\Users\jagaa\Documents\2023-2024\S8\Bonne pratique de code\addressApp\address-app\presentation)
2024-04-11T16:03:54.489+02:00  INFO 9364 --- [    Test worker] o.mines.address.web.TownControllerTest   : No active profile set, falling back to 1 default profile: "default"
2024-04-11T16:04:00.350+02:00  INFO 9364 --- [    Test worker] o.s.b.t.m.w.SpringBootMockServletContext : Initializing Spring TestDispatcherServlet ''
2024-04-11T16:04:00.351+02:00  INFO 9364 --- [    Test worker] o.s.t.web.servlet.TestDispatcherServlet  : Initializing Servlet ''
2024-04-11T16:04:00.364+02:00  INFO 9364 --- [    Test worker] o.s.t.web.servlet.TestDispatcherServlet  : Completed initialization in 6 ms
2024-04-11T16:04:00.571+02:00  INFO 9364 --- [    Test worker] o.mines.address.web.TownControllerTest   : Started TownControllerTest in 7.037 seconds (process running for 11.584)
]]></system-out>
  <system-err><![CDATA[WARNING: A Java agent has been loaded dynamically (C:\Users\jagaa\.gradle\caches\modules-2\files-2.1\net.bytebuddy\byte-buddy-agent\1.14.11\f9cb566608fbac6bc7bf54901a7aa11543a989ee\byte-buddy-agent-1.14.11.jar)
WARNING: If a serviceability tool is in use, please run with -XX:+EnableDynamicAgentLoading to hide this warning
WARNING: If a serviceability tool is not in use, please run with -Djdk.instrument.traceUsage for more information
WARNING: Dynamic loading of agents will be disallowed by default in a future release
]]></system-err>
</testsuite>
