<?xml version="1.0" encoding="UTF-8"?>
<testsuite name="org.address.infrastructure.AddressRepositoryAdapterTest" tests="2" skipped="0" failures="0" errors="0" timestamp="2024-04-11T14:03:46" hostname="JAGAA" time="0.302">
  <properties/>
  <testcase name="shouldInsertAnAddressWithAnUnknownTown()" classname="org.address.infrastructure.AddressRepositoryAdapterTest" time="0.228"/>
  <testcase name="shouldInsertAnAddressWithAValidTown()" classname="org.address.infrastructure.AddressRepositoryAdapterTest" time="0.07"/>
  <system-out><![CDATA[Standard Commons Logging discovery in action with spring-jcl: please remove commons-logging.jar from classpath in order to avoid potential conflicts
16:03:40,824 |-INFO in ch.qos.logback.classic.LoggerContext[default] - This is logback-classic version 1.4.14
16:03:40,834 |-INFO in ch.qos.logback.classic.util.ContextInitializer@561b7d53 - Here is a list of configurators discovered as a service, by rank: 
16:03:40,834 |-INFO in ch.qos.logback.classic.util.ContextInitializer@561b7d53 -   org.springframework.boot.logging.logback.RootLogLevelConfigurator
16:03:40,834 |-INFO in ch.qos.logback.classic.util.ContextInitializer@561b7d53 - They will be invoked in order until ExecutionStatus.DO_NOT_INVOKE_NEXT_IF_ANY is returned.
16:03:40,834 |-INFO in ch.qos.logback.classic.util.ContextInitializer@561b7d53 - Constructed configurator of type class org.springframework.boot.logging.logback.RootLogLevelConfigurator
16:03:40,863 |-INFO in ch.qos.logback.classic.util.ContextInitializer@561b7d53 - org.springframework.boot.logging.logback.RootLogLevelConfigurator.configure() call lasted 3 milliseconds. ExecutionStatus=INVOKE_NEXT_IF_ANY
16:03:40,863 |-INFO in ch.qos.logback.classic.util.ContextInitializer@561b7d53 - Trying to configure with ch.qos.logback.classic.joran.SerializedModelConfigurator
16:03:40,865 |-INFO in ch.qos.logback.classic.util.ContextInitializer@561b7d53 - Constructed configurator of type class ch.qos.logback.classic.joran.SerializedModelConfigurator
16:03:40,865 |-INFO in ch.qos.logback.classic.LoggerContext[default] - Could NOT find resource [logback-test.scmo]
16:03:40,865 |-INFO in ch.qos.logback.classic.LoggerContext[default] - Could NOT find resource [logback.scmo]
16:03:40,865 |-INFO in ch.qos.logback.classic.util.ContextInitializer@561b7d53 - ch.qos.logback.classic.joran.SerializedModelConfigurator.configure() call lasted 0 milliseconds. ExecutionStatus=INVOKE_NEXT_IF_ANY
16:03:40,865 |-INFO in ch.qos.logback.classic.util.ContextInitializer@561b7d53 - Trying to configure with ch.qos.logback.classic.util.DefaultJoranConfigurator
16:03:40,881 |-INFO in ch.qos.logback.classic.util.ContextInitializer@561b7d53 - Constructed configurator of type class ch.qos.logback.classic.util.DefaultJoranConfigurator
16:03:40,881 |-INFO in ch.qos.logback.classic.LoggerContext[default] - Could NOT find resource [logback-test.xml]
16:03:40,884 |-INFO in ch.qos.logback.classic.LoggerContext[default] - Found resource [logback.xml] at [file:/C:/Users/jagaa/Documents/2023-2024/S8/Bonne%20pratique%20de%20code/addressApp/address-app/infrastructure/build/resources/test/logback.xml]
16:03:41,184 |-WARN in ch.qos.logback.core.joran.action.IncludeAction - Could not find resource corresponding to [/org/springframework/boot/logging/logback/base.xml]
16:03:41,467 |-INFO in ch.qos.logback.core.model.processor.AppenderModelHandler - Processing appender named [STDOUT]
16:03:41,467 |-INFO in ch.qos.logback.core.model.processor.AppenderModelHandler - About to instantiate appender of type [ch.qos.logback.core.ConsoleAppender]
16:03:41,521 |-INFO in ch.qos.logback.core.model.processor.ImplicitModelHandler - Assuming default type [ch.qos.logback.classic.encoder.PatternLayoutEncoder] for [encoder] property
16:03:41,747 |-INFO in ch.qos.logback.classic.model.processor.RootLoggerModelHandler - Setting level of ROOT logger to ERROR
16:03:41,748 |-INFO in ch.qos.logback.core.model.processor.AppenderRefModelHandler - Attaching appender named [STDOUT] to Logger[ROOT]
16:03:41,752 |-INFO in ch.qos.logback.core.model.processor.DefaultProcessor@1cc680e - End of configuration.
16:03:41,759 |-INFO in ch.qos.logback.classic.joran.JoranConfigurator@1dc3502b - Registering current configuration as safe fallback point
16:03:41,759 |-INFO in ch.qos.logback.classic.util.ContextInitializer@561b7d53 - ch.qos.logback.classic.util.DefaultJoranConfigurator.configure() call lasted 878 milliseconds. ExecutionStatus=DO_NOT_INVOKE_NEXT_IF_ANY

]]></system-out>
  <system-err><![CDATA[]]></system-err>
</testsuite>
